[{"line":1,"elements":[{"start_timestamp":"2022-01-13T16:54:54.822Z","before":[{"result":{"error_message":"org.openqa.selenium.SessionNotCreatedException: Could not start a new session. Response code 500. Message: unknown error: Chrome failed to start: exited normally.\n  (unknown error: DevToolsActivePort file doesn't exist)\n  (The process started from chrome location C:\\Program Files\\Google\\Chrome\\Application\\chrome.exe is no longer running, so ChromeDriver is assuming that Chrome has crashed.)\nBuild info: version: '4.1.0', revision: '87802e897b'\nSystem info: host: '528K6G3', ip: '192.168.0.171', os.name: 'Windows 10', os.arch: 'amd64', os.version: '10.0', java.version: '17.0.1'\nDriver info: org.openqa.selenium.chrome.ChromeDriver\nCommand: [null, newSession {capabilities=[Capabilities {browserName: chrome, goog:chromeOptions: {args: [], extensions: []}}], desiredCapabilities=Capabilities {browserName: chrome, goog:chromeOptions: {args: [], extensions: []}}}]\r\n\tat org.openqa.selenium.remote.ProtocolHandshake.createSession(ProtocolHandshake.java:126)\r\n\tat org.openqa.selenium.remote.ProtocolHandshake.createSession(ProtocolHandshake.java:84)\r\n\tat org.openqa.selenium.remote.ProtocolHandshake.createSession(ProtocolHandshake.java:62)\r\n\tat org.openqa.selenium.remote.HttpCommandExecutor.execute(HttpCommandExecutor.java:156)\r\n\tat org.openqa.selenium.remote.service.DriverCommandExecutor.invokeExecute(DriverCommandExecutor.java:164)\r\n\tat org.openqa.selenium.remote.service.DriverCommandExecutor.execute(DriverCommandExecutor.java:139)\r\n\tat org.openqa.selenium.remote.RemoteWebDriver.execute(RemoteWebDriver.java:559)\r\n\tat org.openqa.selenium.remote.RemoteWebDriver.startSession(RemoteWebDriver.java:246)\r\n\tat org.openqa.selenium.remote.RemoteWebDriver.<init>(RemoteWebDriver.java:168)\r\n\tat org.openqa.selenium.chromium.ChromiumDriver.<init>(ChromiumDriver.java:108)\r\n\tat org.openqa.selenium.chrome.ChromeDriver.<init>(ChromeDriver.java:104)\r\n\tat org.openqa.selenium.chrome.ChromeDriver.<init>(ChromeDriver.java:91)\r\n\tat org.openqa.selenium.chrome.ChromeDriver.<init>(ChromeDriver.java:46)\r\n\tat com.EDRS.testbase.BaseClass.setUp(BaseClass.java:31)\r\n\tat com.EDRS.steps.Hooks.start(Hooks.java:13)\r\n","duration":3006898400,"status":"failed"},"match":{"location":"com.EDRS.steps.Hooks.start()"}}],"line":21,"name":"Updating multiple times","description":"","id":"update-profile;updating-multiple-times;;2","after":[{"result":{"error_message":"java.lang.NullPointerException: Cannot invoke \"org.openqa.selenium.TakesScreenshot.getScreenshotAs(org.openqa.selenium.OutputType)\" because \"ts\" is null\r\n\tat com.EDRS.utils.CommonMethods.takeScreenshot(CommonMethods.java:264)\r\n\tat com.EDRS.steps.Hooks.end(Hooks.java:20)\r\n","duration":2989600,"status":"failed"},"match":{"location":"com.EDRS.steps.Hooks.end(io.cucumber.java.Scenario)"}}],"type":"scenario","keyword":"Scenario Outline","steps":[{"result":{"duration":2989400,"status":"skipped"},"line":14,"name":"user is logged as Admin Ashbrook","match":{"location":"com.EDRS.steps.UpdateProfileSteps.user_is_logged_as_admin_ashbrook()"},"keyword":"Given "},{"result":{"status":"skipped"},"line":15,"name":"user clicks on Update Profile","match":{"location":"com.EDRS.steps.UpdateProfileSteps.user_clicks_on_update_profile()"},"keyword":"When "},{"result":{"status":"skipped"},"line":16,"name":"user updates \"John\",\"<MiddleName\",\"Dow\",\"Manual Tester\",\"Newark\" and \"123 Main Street\"","match":{"arguments":[{"val":"\"John\"","offset":13},{"val":"\"<MiddleName\"","offset":20},{"val":"\"Dow\"","offset":34},{"val":"\"Manual Tester\"","offset":40},{"val":"\"Newark\"","offset":56},{"val":"\"123 Main Street\"","offset":69}],"location":"com.EDRS.steps.UpdateProfileSteps.user_updates_and(java.lang.String,java.lang.String,java.lang.String,java.lang.String,java.lang.String,java.lang.String)"},"keyword":"And "},{"result":{"status":"skipped"},"line":17,"name":"user validates updates","match":{"location":"com.EDRS.steps.UpdateProfileSteps.user_validates_updates(java.lang.String)"},"keyword":"Then "}],"tags":[{"name":"@ToBePresent"}]},{"start_timestamp":"2022-01-13T16:54:57.906Z","before":[{"result":{"duration":3473064900,"status":"passed"},"match":{"location":"com.EDRS.steps.Hooks.start()"}}],"line":22,"name":"Updating multiple times","description":"","id":"update-profile;updating-multiple-times;;3","after":[{"result":{"error_message":"org.openqa.selenium.NoSuchWindowException: no such window: target window already closed\nfrom unknown error: web view not found\n  (Session info: chrome=97.0.4692.71)\nBuild info: version: '4.1.0', revision: '87802e897b'\nSystem info: host: '528K6G3', ip: '192.168.0.171', os.name: 'Windows 10', os.arch: 'amd64', os.version: '10.0', java.version: '17.0.1'\nDriver info: org.openqa.selenium.chrome.ChromeDriver\nCommand: [355a30700d5240f5b74561fd678ca900, screenshot {}]\nCapabilities {acceptInsecureCerts: false, browserName: chrome, browserVersion: 97.0.4692.71, chrome: {chromedriverVersion: 96.0.4664.45 (76e4c1bb2ab46..., userDataDir: C:\\Users\\ishonki\\AppData\\Lo...}, goog:chromeOptions: {debuggerAddress: localhost:52760}, javascriptEnabled: true, networkConnectionEnabled: false, pageLoadStrategy: normal, platform: WINDOWS, platformName: WINDOWS, proxy: Proxy(), se:cdp: ws://localhost:52760/devtoo..., se:cdpVersion: 97.0.4692.71, setWindowRect: true, strictFileInteractability: false, timeouts: {implicit: 0, pageLoad: 300000, script: 30000}, unhandledPromptBehavior: dismiss and notify, webauthn:extension:credBlob: true, webauthn:extension:largeBlob: true, webauthn:virtualAuthenticators: true}\nSession ID: 355a30700d5240f5b74561fd678ca900\r\n\tat jdk.internal.reflect.GeneratedConstructorAccessor16.newInstance(Unknown Source)\r\n\tat java.base/jdk.internal.reflect.DelegatingConstructorAccessorImpl.newInstance(DelegatingConstructorAccessorImpl.java:45)\r\n\tat java.base/java.lang.reflect.Constructor.newInstanceWithCaller(Constructor.java:499)\r\n\tat java.base/java.lang.reflect.Constructor.newInstance(Constructor.java:480)\r\n\tat org.openqa.selenium.remote.codec.w3c.W3CHttpResponseCodec.createException(W3CHttpResponseCodec.java:200)\r\n\tat org.openqa.selenium.remote.codec.w3c.W3CHttpResponseCodec.decode(W3CHttpResponseCodec.java:133)\r\n\tat org.openqa.selenium.remote.codec.w3c.W3CHttpResponseCodec.decode(W3CHttpResponseCodec.java:53)\r\n\tat org.openqa.selenium.remote.HttpCommandExecutor.execute(HttpCommandExecutor.java:184)\r\n\tat org.openqa.selenium.remote.service.DriverCommandExecutor.invokeExecute(DriverCommandExecutor.java:164)\r\n\tat org.openqa.selenium.remote.service.DriverCommandExecutor.execute(DriverCommandExecutor.java:139)\r\n\tat org.openqa.selenium.remote.RemoteWebDriver.execute(RemoteWebDriver.java:559)\r\n\tat org.openqa.selenium.remote.RemoteWebDriver.execute(RemoteWebDriver.java:614)\r\n\tat org.openqa.selenium.remote.RemoteWebDriver.execute(RemoteWebDriver.java:618)\r\n\tat org.openqa.selenium.remote.RemoteWebDriver.getScreenshotAs(RemoteWebDriver.java:349)\r\n\tat com.EDRS.utils.CommonMethods.takeScreenshot(CommonMethods.java:264)\r\n\tat com.EDRS.steps.Hooks.end(Hooks.java:20)\r\n","duration":1993500,"status":"failed"},"match":{"location":"com.EDRS.steps.Hooks.end(io.cucumber.java.Scenario)"}}],"type":"scenario","keyword":"Scenario Outline","steps":[{"result":{"duration":1537960600,"status":"passed"},"line":14,"name":"user is logged as Admin Ashbrook","match":{"location":"com.EDRS.steps.UpdateProfileSteps.user_is_logged_as_admin_ashbrook()"},"keyword":"Given "},{"result":{"error_message":"org.openqa.selenium.NoSuchWindowException: no such window: target window already closed\nfrom unknown error: web view not found\n  (Session info: chrome=97.0.4692.71)\nBuild info: version: '4.1.0', revision: '87802e897b'\nSystem info: host: '528K6G3', ip: '192.168.0.171', os.name: 'Windows 10', os.arch: 'amd64', os.version: '10.0', java.version: '17.0.1'\nDriver info: org.openqa.selenium.chrome.ChromeDriver\nCommand: [355a30700d5240f5b74561fd678ca900, findElement {using=xpath, value=//*[@id=\"pageNav\"]/div[5]/a}]\nCapabilities {acceptInsecureCerts: false, browserName: chrome, browserVersion: 97.0.4692.71, chrome: {chromedriverVersion: 96.0.4664.45 (76e4c1bb2ab46..., userDataDir: C:\\Users\\ishonki\\AppData\\Lo...}, goog:chromeOptions: {debuggerAddress: localhost:52760}, javascriptEnabled: true, networkConnectionEnabled: false, pageLoadStrategy: normal, platform: WINDOWS, platformName: WINDOWS, proxy: Proxy(), se:cdp: ws://localhost:52760/devtoo..., se:cdpVersion: 97.0.4692.71, setWindowRect: true, strictFileInteractability: false, timeouts: {implicit: 0, pageLoad: 300000, script: 30000}, unhandledPromptBehavior: dismiss and notify, webauthn:extension:credBlob: true, webauthn:extension:largeBlob: true, webauthn:virtualAuthenticators: true}\nSession ID: 355a30700d5240f5b74561fd678ca900\r\n\tat jdk.internal.reflect.GeneratedConstructorAccessor16.newInstance(Unknown Source)\r\n\tat java.base/jdk.internal.reflect.DelegatingConstructorAccessorImpl.newInstance(DelegatingConstructorAccessorImpl.java:45)\r\n\tat java.base/java.lang.reflect.Constructor.newInstanceWithCaller(Constructor.java:499)\r\n\tat java.base/java.lang.reflect.Constructor.newInstance(Constructor.java:480)\r\n\tat org.openqa.selenium.remote.codec.w3c.W3CHttpResponseCodec.createException(W3CHttpResponseCodec.java:200)\r\n\tat org.openqa.selenium.remote.codec.w3c.W3CHttpResponseCodec.decode(W3CHttpResponseCodec.java:133)\r\n\tat org.openqa.selenium.remote.codec.w3c.W3CHttpResponseCodec.decode(W3CHttpResponseCodec.java:53)\r\n\tat org.openqa.selenium.remote.HttpCommandExecutor.execute(HttpCommandExecutor.java:184)\r\n\tat org.openqa.selenium.remote.service.DriverCommandExecutor.invokeExecute(DriverCommandExecutor.java:164)\r\n\tat org.openqa.selenium.remote.service.DriverCommandExecutor.execute(DriverCommandExecutor.java:139)\r\n\tat org.openqa.selenium.remote.RemoteWebDriver.execute(RemoteWebDriver.java:559)\r\n\tat org.openqa.selenium.remote.ElementLocation$ElementFinder$2.findElement(ElementLocation.java:162)\r\n\tat org.openqa.selenium.remote.ElementLocation.findElement(ElementLocation.java:60)\r\n\tat org.openqa.selenium.remote.RemoteWebDriver.findElement(RemoteWebDriver.java:383)\r\n\tat org.openqa.selenium.remote.RemoteWebDriver.findElement(RemoteWebDriver.java:375)\r\n\tat org.openqa.selenium.support.pagefactory.DefaultElementLocator.findElement(DefaultElementLocator.java:70)\r\n\tat org.openqa.selenium.support.pagefactory.internal.LocatingElementHandler.invoke(LocatingElementHandler.java:39)\r\n\tat jdk.proxy2/jdk.proxy2.$Proxy23.toString(Unknown Source)\r\n\tat java.base/java.lang.String.valueOf(String.java:4215)\r\n\tat java.base/java.lang.StringBuilder.append(StringBuilder.java:169)\r\n\tat org.openqa.selenium.support.ui.ExpectedConditions$23.toString(ExpectedConditions.java:673)\r\n\tat java.base/java.lang.String.valueOf(String.java:4215)\r\n\tat java.base/java.lang.StringBuilder.append(StringBuilder.java:169)\r\n\tat org.openqa.selenium.support.ui.FluentWait.until(FluentWait.java:229)\r\n\tat com.EDRS.utils.CommonMethods.waitForClickability(CommonMethods.java:214)\r\n\tat com.EDRS.utils.CommonMethods.click(CommonMethods.java:222)\r\n\tat com.EDRS.steps.UpdateProfileSteps.user_clicks_on_update_profile(UpdateProfileSteps.java:27)\r\n\tat ✽.user clicks on Update Profile(file:///C:/Users/ishonki/eclipse-workspace/EDRS-VERI/src/test/resources/features/UpdateProfile.feature:15)\r\n","duration":30114075400,"status":"failed"},"line":15,"name":"user clicks on Update Profile","match":{"location":"com.EDRS.steps.UpdateProfileSteps.user_clicks_on_update_profile()"},"keyword":"When "},{"result":{"status":"skipped"},"line":16,"name":"user updates \"Adam\",\"<MiddleName\",\"Smith\",\"DevOps\",\"Burlington\" and \"123 Test Street\"","match":{"arguments":[{"val":"\"Adam\"","offset":13},{"val":"\"<MiddleName\"","offset":20},{"val":"\"Smith\"","offset":34},{"val":"\"DevOps\"","offset":42},{"val":"\"Burlington\"","offset":51},{"val":"\"123 Test Street\"","offset":68}],"location":"com.EDRS.steps.UpdateProfileSteps.user_updates_and(java.lang.String,java.lang.String,java.lang.String,java.lang.String,java.lang.String,java.lang.String)"},"keyword":"And "},{"result":{"status":"skipped"},"line":17,"name":"user validates updates","match":{"location":"com.EDRS.steps.UpdateProfileSteps.user_validates_updates(java.lang.String)"},"keyword":"Then "}],"tags":[{"name":"@ToBePresent"}]},{"start_timestamp":"2022-01-13T16:55:33.051Z","before":[{"result":{"duration":2893000900,"status":"passed"},"match":{"location":"com.EDRS.steps.Hooks.start()"}}],"line":23,"name":"Updating multiple times","description":"","id":"update-profile;updating-multiple-times;;4","after":[{"result":{"error_message":"org.openqa.selenium.NoSuchWindowException: no such window: target window already closed\nfrom unknown error: web view not found\n  (Session info: chrome=97.0.4692.71)\nBuild info: version: '4.1.0', revision: '87802e897b'\nSystem info: host: '528K6G3', ip: '192.168.0.171', os.name: 'Windows 10', os.arch: 'amd64', os.version: '10.0', java.version: '17.0.1'\nDriver info: org.openqa.selenium.chrome.ChromeDriver\nCommand: [e26969efc367b8a5588d5c29144abfb0, screenshot {}]\nCapabilities {acceptInsecureCerts: false, browserName: chrome, browserVersion: 97.0.4692.71, chrome: {chromedriverVersion: 96.0.4664.45 (76e4c1bb2ab46..., userDataDir: C:\\Users\\ishonki\\AppData\\Lo...}, goog:chromeOptions: {debuggerAddress: localhost:52796}, javascriptEnabled: true, networkConnectionEnabled: false, pageLoadStrategy: normal, platform: WINDOWS, platformName: WINDOWS, proxy: Proxy(), se:cdp: ws://localhost:52796/devtoo..., se:cdpVersion: 97.0.4692.71, setWindowRect: true, strictFileInteractability: false, timeouts: {implicit: 0, pageLoad: 300000, script: 30000}, unhandledPromptBehavior: dismiss and notify, webauthn:extension:credBlob: true, webauthn:extension:largeBlob: true, webauthn:virtualAuthenticators: true}\nSession ID: e26969efc367b8a5588d5c29144abfb0\r\n\tat jdk.internal.reflect.GeneratedConstructorAccessor16.newInstance(Unknown Source)\r\n\tat java.base/jdk.internal.reflect.DelegatingConstructorAccessorImpl.newInstance(DelegatingConstructorAccessorImpl.java:45)\r\n\tat java.base/java.lang.reflect.Constructor.newInstanceWithCaller(Constructor.java:499)\r\n\tat java.base/java.lang.reflect.Constructor.newInstance(Constructor.java:480)\r\n\tat org.openqa.selenium.remote.codec.w3c.W3CHttpResponseCodec.createException(W3CHttpResponseCodec.java:200)\r\n\tat org.openqa.selenium.remote.codec.w3c.W3CHttpResponseCodec.decode(W3CHttpResponseCodec.java:133)\r\n\tat org.openqa.selenium.remote.codec.w3c.W3CHttpResponseCodec.decode(W3CHttpResponseCodec.java:53)\r\n\tat org.openqa.selenium.remote.HttpCommandExecutor.execute(HttpCommandExecutor.java:184)\r\n\tat org.openqa.selenium.remote.service.DriverCommandExecutor.invokeExecute(DriverCommandExecutor.java:164)\r\n\tat org.openqa.selenium.remote.service.DriverCommandExecutor.execute(DriverCommandExecutor.java:139)\r\n\tat org.openqa.selenium.remote.RemoteWebDriver.execute(RemoteWebDriver.java:559)\r\n\tat org.openqa.selenium.remote.RemoteWebDriver.execute(RemoteWebDriver.java:614)\r\n\tat org.openqa.selenium.remote.RemoteWebDriver.execute(RemoteWebDriver.java:618)\r\n\tat org.openqa.selenium.remote.RemoteWebDriver.getScreenshotAs(RemoteWebDriver.java:349)\r\n\tat com.EDRS.utils.CommonMethods.takeScreenshot(CommonMethods.java:264)\r\n\tat com.EDRS.steps.Hooks.end(Hooks.java:20)\r\n","duration":3129800,"status":"failed"},"match":{"location":"com.EDRS.steps.Hooks.end(io.cucumber.java.Scenario)"}}],"type":"scenario","keyword":"Scenario Outline","steps":[{"result":{"duration":847854800,"status":"passed"},"line":14,"name":"user is logged as Admin Ashbrook","match":{"location":"com.EDRS.steps.UpdateProfileSteps.user_is_logged_as_admin_ashbrook()"},"keyword":"Given "},{"result":{"error_message":"org.openqa.selenium.NoSuchWindowException: no such window: target window already closed\nfrom unknown error: web view not found\n  (Session info: chrome=97.0.4692.71)\nBuild info: version: '4.1.0', revision: '87802e897b'\nSystem info: host: '528K6G3', ip: '192.168.0.171', os.name: 'Windows 10', os.arch: 'amd64', os.version: '10.0', java.version: '17.0.1'\nDriver info: org.openqa.selenium.chrome.ChromeDriver\nCommand: [e26969efc367b8a5588d5c29144abfb0, findElement {using=xpath, value=//*[@id=\"pageNav\"]/div[5]/a}]\nCapabilities {acceptInsecureCerts: false, browserName: chrome, browserVersion: 97.0.4692.71, chrome: {chromedriverVersion: 96.0.4664.45 (76e4c1bb2ab46..., userDataDir: C:\\Users\\ishonki\\AppData\\Lo...}, goog:chromeOptions: {debuggerAddress: localhost:52796}, javascriptEnabled: true, networkConnectionEnabled: false, pageLoadStrategy: normal, platform: WINDOWS, platformName: WINDOWS, proxy: Proxy(), se:cdp: ws://localhost:52796/devtoo..., se:cdpVersion: 97.0.4692.71, setWindowRect: true, strictFileInteractability: false, timeouts: {implicit: 0, pageLoad: 300000, script: 30000}, unhandledPromptBehavior: dismiss and notify, webauthn:extension:credBlob: true, webauthn:extension:largeBlob: true, webauthn:virtualAuthenticators: true}\nSession ID: e26969efc367b8a5588d5c29144abfb0\r\n\tat jdk.internal.reflect.GeneratedConstructorAccessor16.newInstance(Unknown Source)\r\n\tat java.base/jdk.internal.reflect.DelegatingConstructorAccessorImpl.newInstance(DelegatingConstructorAccessorImpl.java:45)\r\n\tat java.base/java.lang.reflect.Constructor.newInstanceWithCaller(Constructor.java:499)\r\n\tat java.base/java.lang.reflect.Constructor.newInstance(Constructor.java:480)\r\n\tat org.openqa.selenium.remote.codec.w3c.W3CHttpResponseCodec.createException(W3CHttpResponseCodec.java:200)\r\n\tat org.openqa.selenium.remote.codec.w3c.W3CHttpResponseCodec.decode(W3CHttpResponseCodec.java:133)\r\n\tat org.openqa.selenium.remote.codec.w3c.W3CHttpResponseCodec.decode(W3CHttpResponseCodec.java:53)\r\n\tat org.openqa.selenium.remote.HttpCommandExecutor.execute(HttpCommandExecutor.java:184)\r\n\tat org.openqa.selenium.remote.service.DriverCommandExecutor.invokeExecute(DriverCommandExecutor.java:164)\r\n\tat org.openqa.selenium.remote.service.DriverCommandExecutor.execute(DriverCommandExecutor.java:139)\r\n\tat org.openqa.selenium.remote.RemoteWebDriver.execute(RemoteWebDriver.java:559)\r\n\tat org.openqa.selenium.remote.ElementLocation$ElementFinder$2.findElement(ElementLocation.java:162)\r\n\tat org.openqa.selenium.remote.ElementLocation.findElement(ElementLocation.java:60)\r\n\tat org.openqa.selenium.remote.RemoteWebDriver.findElement(RemoteWebDriver.java:383)\r\n\tat org.openqa.selenium.remote.RemoteWebDriver.findElement(RemoteWebDriver.java:375)\r\n\tat org.openqa.selenium.support.pagefactory.DefaultElementLocator.findElement(DefaultElementLocator.java:70)\r\n\tat org.openqa.selenium.support.pagefactory.internal.LocatingElementHandler.invoke(LocatingElementHandler.java:39)\r\n\tat jdk.proxy2/jdk.proxy2.$Proxy23.toString(Unknown Source)\r\n\tat java.base/java.lang.String.valueOf(String.java:4215)\r\n\tat java.base/java.lang.StringBuilder.append(StringBuilder.java:169)\r\n\tat org.openqa.selenium.support.ui.ExpectedConditions$23.toString(ExpectedConditions.java:673)\r\n\tat java.base/java.lang.String.valueOf(String.java:4215)\r\n\tat java.base/java.lang.StringBuilder.append(StringBuilder.java:169)\r\n\tat org.openqa.selenium.support.ui.FluentWait.until(FluentWait.java:229)\r\n\tat com.EDRS.utils.CommonMethods.waitForClickability(CommonMethods.java:214)\r\n\tat com.EDRS.utils.CommonMethods.click(CommonMethods.java:222)\r\n\tat com.EDRS.steps.UpdateProfileSteps.user_clicks_on_update_profile(UpdateProfileSteps.java:27)\r\n\tat ✽.user clicks on Update Profile(file:///C:/Users/ishonki/eclipse-workspace/EDRS-VERI/src/test/resources/features/UpdateProfile.feature:15)\r\n","duration":30081337000,"status":"failed"},"line":15,"name":"user clicks on Update Profile","match":{"location":"com.EDRS.steps.UpdateProfileSteps.user_clicks_on_update_profile()"},"keyword":"When "},{"result":{"duration":377300,"status":"skipped"},"line":16,"name":"user updates \"Test\",\"<MiddleName\",\"Testable\",\"Tester\",\"Centreville\" and \"123 Tester Street\"","match":{"arguments":[{"val":"\"Test\"","offset":13},{"val":"\"<MiddleName\"","offset":20},{"val":"\"Testable\"","offset":34},{"val":"\"Tester\"","offset":45},{"val":"\"Centreville\"","offset":54},{"val":"\"123 Tester Street\"","offset":72}],"location":"com.EDRS.steps.UpdateProfileSteps.user_updates_and(java.lang.String,java.lang.String,java.lang.String,java.lang.String,java.lang.String,java.lang.String)"},"keyword":"And "},{"result":{"status":"skipped"},"line":17,"name":"user validates updates","match":{"location":"com.EDRS.steps.UpdateProfileSteps.user_validates_updates(java.lang.String)"},"keyword":"Then "}],"tags":[{"name":"@ToBePresent"}]},{"start_timestamp":"2022-01-13T16:56:06.888Z","before":[{"result":{"duration":2322328800,"status":"passed"},"match":{"location":"com.EDRS.steps.Hooks.start()"}}],"line":24,"name":"Updating multiple times","description":"","id":"update-profile;updating-multiple-times;;5","after":[{"result":{"error_message":"org.openqa.selenium.NoSuchWindowException: no such window: target window already closed\nfrom unknown error: web view not found\n  (Session info: chrome=97.0.4692.71)\nBuild info: version: '4.1.0', revision: '87802e897b'\nSystem info: host: '528K6G3', ip: '192.168.0.171', os.name: 'Windows 10', os.arch: 'amd64', os.version: '10.0', java.version: '17.0.1'\nDriver info: org.openqa.selenium.chrome.ChromeDriver\nCommand: [a63738e3a3a27aa05a527173297124bb, screenshot {}]\nCapabilities {acceptInsecureCerts: false, browserName: chrome, browserVersion: 97.0.4692.71, chrome: {chromedriverVersion: 96.0.4664.45 (76e4c1bb2ab46..., userDataDir: C:\\Users\\ishonki\\AppData\\Lo...}, goog:chromeOptions: {debuggerAddress: localhost:52819}, javascriptEnabled: true, networkConnectionEnabled: false, pageLoadStrategy: normal, platform: WINDOWS, platformName: WINDOWS, proxy: Proxy(), se:cdp: ws://localhost:52819/devtoo..., se:cdpVersion: 97.0.4692.71, setWindowRect: true, strictFileInteractability: false, timeouts: {implicit: 0, pageLoad: 300000, script: 30000}, unhandledPromptBehavior: dismiss and notify, webauthn:extension:credBlob: true, webauthn:extension:largeBlob: true, webauthn:virtualAuthenticators: true}\nSession ID: a63738e3a3a27aa05a527173297124bb\r\n\tat jdk.internal.reflect.GeneratedConstructorAccessor16.newInstance(Unknown Source)\r\n\tat java.base/jdk.internal.reflect.DelegatingConstructorAccessorImpl.newInstance(DelegatingConstructorAccessorImpl.java:45)\r\n\tat java.base/java.lang.reflect.Constructor.newInstanceWithCaller(Constructor.java:499)\r\n\tat java.base/java.lang.reflect.Constructor.newInstance(Constructor.java:480)\r\n\tat org.openqa.selenium.remote.codec.w3c.W3CHttpResponseCodec.createException(W3CHttpResponseCodec.java:200)\r\n\tat org.openqa.selenium.remote.codec.w3c.W3CHttpResponseCodec.decode(W3CHttpResponseCodec.java:133)\r\n\tat org.openqa.selenium.remote.codec.w3c.W3CHttpResponseCodec.decode(W3CHttpResponseCodec.java:53)\r\n\tat org.openqa.selenium.remote.HttpCommandExecutor.execute(HttpCommandExecutor.java:184)\r\n\tat org.openqa.selenium.remote.service.DriverCommandExecutor.invokeExecute(DriverCommandExecutor.java:164)\r\n\tat org.openqa.selenium.remote.service.DriverCommandExecutor.execute(DriverCommandExecutor.java:139)\r\n\tat org.openqa.selenium.remote.RemoteWebDriver.execute(RemoteWebDriver.java:559)\r\n\tat org.openqa.selenium.remote.RemoteWebDriver.execute(RemoteWebDriver.java:614)\r\n\tat org.openqa.selenium.remote.RemoteWebDriver.execute(RemoteWebDriver.java:618)\r\n\tat org.openqa.selenium.remote.RemoteWebDriver.getScreenshotAs(RemoteWebDriver.java:349)\r\n\tat com.EDRS.utils.CommonMethods.takeScreenshot(CommonMethods.java:264)\r\n\tat com.EDRS.steps.Hooks.end(Hooks.java:20)\r\n","duration":1993000,"status":"failed"},"match":{"location":"com.EDRS.steps.Hooks.end(io.cucumber.java.Scenario)"}}],"type":"scenario","keyword":"Scenario Outline","steps":[{"result":{"duration":974681600,"status":"passed"},"line":14,"name":"user is logged as Admin Ashbrook","match":{"location":"com.EDRS.steps.UpdateProfileSteps.user_is_logged_as_admin_ashbrook()"},"keyword":"Given "},{"result":{"error_message":"org.openqa.selenium.NoSuchWindowException: no such window: target window already closed\nfrom unknown error: web view not found\n  (Session info: chrome=97.0.4692.71)\nBuild info: version: '4.1.0', revision: '87802e897b'\nSystem info: host: '528K6G3', ip: '192.168.0.171', os.name: 'Windows 10', os.arch: 'amd64', os.version: '10.0', java.version: '17.0.1'\nDriver info: org.openqa.selenium.chrome.ChromeDriver\nCommand: [a63738e3a3a27aa05a527173297124bb, findElement {using=xpath, value=//*[@id=\"pageNav\"]/div[5]/a}]\nCapabilities {acceptInsecureCerts: false, browserName: chrome, browserVersion: 97.0.4692.71, chrome: {chromedriverVersion: 96.0.4664.45 (76e4c1bb2ab46..., userDataDir: C:\\Users\\ishonki\\AppData\\Lo...}, goog:chromeOptions: {debuggerAddress: localhost:52819}, javascriptEnabled: true, networkConnectionEnabled: false, pageLoadStrategy: normal, platform: WINDOWS, platformName: WINDOWS, proxy: Proxy(), se:cdp: ws://localhost:52819/devtoo..., se:cdpVersion: 97.0.4692.71, setWindowRect: true, strictFileInteractability: false, timeouts: {implicit: 0, pageLoad: 300000, script: 30000}, unhandledPromptBehavior: dismiss and notify, webauthn:extension:credBlob: true, webauthn:extension:largeBlob: true, webauthn:virtualAuthenticators: true}\nSession ID: a63738e3a3a27aa05a527173297124bb\r\n\tat jdk.internal.reflect.GeneratedConstructorAccessor16.newInstance(Unknown Source)\r\n\tat java.base/jdk.internal.reflect.DelegatingConstructorAccessorImpl.newInstance(DelegatingConstructorAccessorImpl.java:45)\r\n\tat java.base/java.lang.reflect.Constructor.newInstanceWithCaller(Constructor.java:499)\r\n\tat java.base/java.lang.reflect.Constructor.newInstance(Constructor.java:480)\r\n\tat org.openqa.selenium.remote.codec.w3c.W3CHttpResponseCodec.createException(W3CHttpResponseCodec.java:200)\r\n\tat org.openqa.selenium.remote.codec.w3c.W3CHttpResponseCodec.decode(W3CHttpResponseCodec.java:133)\r\n\tat org.openqa.selenium.remote.codec.w3c.W3CHttpResponseCodec.decode(W3CHttpResponseCodec.java:53)\r\n\tat org.openqa.selenium.remote.HttpCommandExecutor.execute(HttpCommandExecutor.java:184)\r\n\tat org.openqa.selenium.remote.service.DriverCommandExecutor.invokeExecute(DriverCommandExecutor.java:164)\r\n\tat org.openqa.selenium.remote.service.DriverCommandExecutor.execute(DriverCommandExecutor.java:139)\r\n\tat org.openqa.selenium.remote.RemoteWebDriver.execute(RemoteWebDriver.java:559)\r\n\tat org.openqa.selenium.remote.ElementLocation$ElementFinder$2.findElement(ElementLocation.java:162)\r\n\tat org.openqa.selenium.remote.ElementLocation.findElement(ElementLocation.java:60)\r\n\tat org.openqa.selenium.remote.RemoteWebDriver.findElement(RemoteWebDriver.java:383)\r\n\tat org.openqa.selenium.remote.RemoteWebDriver.findElement(RemoteWebDriver.java:375)\r\n\tat org.openqa.selenium.support.pagefactory.DefaultElementLocator.findElement(DefaultElementLocator.java:70)\r\n\tat org.openqa.selenium.support.pagefactory.internal.LocatingElementHandler.invoke(LocatingElementHandler.java:39)\r\n\tat jdk.proxy2/jdk.proxy2.$Proxy23.toString(Unknown Source)\r\n\tat java.base/java.lang.String.valueOf(String.java:4215)\r\n\tat java.base/java.lang.StringBuilder.append(StringBuilder.java:169)\r\n\tat org.openqa.selenium.support.ui.ExpectedConditions$23.toString(ExpectedConditions.java:673)\r\n\tat java.base/java.lang.String.valueOf(String.java:4215)\r\n\tat java.base/java.lang.StringBuilder.append(StringBuilder.java:169)\r\n\tat org.openqa.selenium.support.ui.FluentWait.until(FluentWait.java:229)\r\n\tat com.EDRS.utils.CommonMethods.waitForClickability(CommonMethods.java:214)\r\n\tat com.EDRS.utils.CommonMethods.click(CommonMethods.java:222)\r\n\tat com.EDRS.steps.UpdateProfileSteps.user_clicks_on_update_profile(UpdateProfileSteps.java:27)\r\n\tat ✽.user clicks on Update Profile(file:///C:/Users/ishonki/eclipse-workspace/EDRS-VERI/src/test/resources/features/UpdateProfile.feature:15)\r\n","duration":30431781300,"status":"failed"},"line":15,"name":"user clicks on Update Profile","match":{"location":"com.EDRS.steps.UpdateProfileSteps.user_clicks_on_update_profile()"},"keyword":"When "},{"result":{"status":"skipped"},"line":16,"name":"user updates \"Hello\",\"<MiddleName\",\"World\",\"Traveler\",\"Fairfax\" and \"123 World Street\"","match":{"arguments":[{"val":"\"Hello\"","offset":13},{"val":"\"<MiddleName\"","offset":21},{"val":"\"World\"","offset":35},{"val":"\"Traveler\"","offset":43},{"val":"\"Fairfax\"","offset":54},{"val":"\"123 World Street\"","offset":68}],"location":"com.EDRS.steps.UpdateProfileSteps.user_updates_and(java.lang.String,java.lang.String,java.lang.String,java.lang.String,java.lang.String,java.lang.String)"},"keyword":"And "},{"result":{"status":"skipped"},"line":17,"name":"user validates updates","match":{"location":"com.EDRS.steps.UpdateProfileSteps.user_validates_updates(java.lang.String)"},"keyword":"Then "}],"tags":[{"name":"@ToBePresent"}]},{"start_timestamp":"2022-01-13T16:56:40.632Z","before":[{"result":{"duration":3197385100,"status":"passed"},"match":{"location":"com.EDRS.steps.Hooks.start()"}}],"line":25,"name":"Updating multiple times","description":"","id":"update-profile;updating-multiple-times;;6","after":[{"result":{"error_message":"org.openqa.selenium.NoSuchWindowException: no such window: target window already closed\nfrom unknown error: web view not found\n  (Session info: chrome=97.0.4692.71)\nBuild info: version: '4.1.0', revision: '87802e897b'\nSystem info: host: '528K6G3', ip: '192.168.0.171', os.name: 'Windows 10', os.arch: 'amd64', os.version: '10.0', java.version: '17.0.1'\nDriver info: org.openqa.selenium.chrome.ChromeDriver\nCommand: [18427d47545796f4ab026ca9ace10256, screenshot {}]\nCapabilities {acceptInsecureCerts: false, browserName: chrome, browserVersion: 97.0.4692.71, chrome: {chromedriverVersion: 96.0.4664.45 (76e4c1bb2ab46..., userDataDir: C:\\Users\\ishonki\\AppData\\Lo...}, goog:chromeOptions: {debuggerAddress: localhost:52846}, javascriptEnabled: true, networkConnectionEnabled: false, pageLoadStrategy: normal, platform: WINDOWS, platformName: WINDOWS, proxy: Proxy(), se:cdp: ws://localhost:52846/devtoo..., se:cdpVersion: 97.0.4692.71, setWindowRect: true, strictFileInteractability: false, timeouts: {implicit: 0, pageLoad: 300000, script: 30000}, unhandledPromptBehavior: dismiss and notify, webauthn:extension:credBlob: true, webauthn:extension:largeBlob: true, webauthn:virtualAuthenticators: true}\nSession ID: 18427d47545796f4ab026ca9ace10256\r\n\tat jdk.internal.reflect.GeneratedConstructorAccessor16.newInstance(Unknown Source)\r\n\tat java.base/jdk.internal.reflect.DelegatingConstructorAccessorImpl.newInstance(DelegatingConstructorAccessorImpl.java:45)\r\n\tat java.base/java.lang.reflect.Constructor.newInstanceWithCaller(Constructor.java:499)\r\n\tat java.base/java.lang.reflect.Constructor.newInstance(Constructor.java:480)\r\n\tat org.openqa.selenium.remote.codec.w3c.W3CHttpResponseCodec.createException(W3CHttpResponseCodec.java:200)\r\n\tat org.openqa.selenium.remote.codec.w3c.W3CHttpResponseCodec.decode(W3CHttpResponseCodec.java:133)\r\n\tat org.openqa.selenium.remote.codec.w3c.W3CHttpResponseCodec.decode(W3CHttpResponseCodec.java:53)\r\n\tat org.openqa.selenium.remote.HttpCommandExecutor.execute(HttpCommandExecutor.java:184)\r\n\tat org.openqa.selenium.remote.service.DriverCommandExecutor.invokeExecute(DriverCommandExecutor.java:164)\r\n\tat org.openqa.selenium.remote.service.DriverCommandExecutor.execute(DriverCommandExecutor.java:139)\r\n\tat org.openqa.selenium.remote.RemoteWebDriver.execute(RemoteWebDriver.java:559)\r\n\tat org.openqa.selenium.remote.RemoteWebDriver.execute(RemoteWebDriver.java:614)\r\n\tat org.openqa.selenium.remote.RemoteWebDriver.execute(RemoteWebDriver.java:618)\r\n\tat org.openqa.selenium.remote.RemoteWebDriver.getScreenshotAs(RemoteWebDriver.java:349)\r\n\tat com.EDRS.utils.CommonMethods.takeScreenshot(CommonMethods.java:264)\r\n\tat com.EDRS.steps.Hooks.end(Hooks.java:20)\r\n","duration":3986500,"status":"failed"},"match":{"location":"com.EDRS.steps.Hooks.end(io.cucumber.java.Scenario)"}}],"type":"scenario","keyword":"Scenario Outline","steps":[{"result":{"duration":721699600,"status":"passed"},"line":14,"name":"user is logged as Admin Ashbrook","match":{"location":"com.EDRS.steps.UpdateProfileSteps.user_is_logged_as_admin_ashbrook()"},"keyword":"Given "},{"result":{"error_message":"org.openqa.selenium.NoSuchWindowException: no such window: target window already closed\nfrom unknown error: web view not found\n  (Session info: chrome=97.0.4692.71)\nBuild info: version: '4.1.0', revision: '87802e897b'\nSystem info: host: '528K6G3', ip: '192.168.0.171', os.name: 'Windows 10', os.arch: 'amd64', os.version: '10.0', java.version: '17.0.1'\nDriver info: org.openqa.selenium.chrome.ChromeDriver\nCommand: [18427d47545796f4ab026ca9ace10256, findElement {using=xpath, value=//*[@id=\"pageNav\"]/div[5]/a}]\nCapabilities {acceptInsecureCerts: false, browserName: chrome, browserVersion: 97.0.4692.71, chrome: {chromedriverVersion: 96.0.4664.45 (76e4c1bb2ab46..., userDataDir: C:\\Users\\ishonki\\AppData\\Lo...}, goog:chromeOptions: {debuggerAddress: localhost:52846}, javascriptEnabled: true, networkConnectionEnabled: false, pageLoadStrategy: normal, platform: WINDOWS, platformName: WINDOWS, proxy: Proxy(), se:cdp: ws://localhost:52846/devtoo..., se:cdpVersion: 97.0.4692.71, setWindowRect: true, strictFileInteractability: false, timeouts: {implicit: 0, pageLoad: 300000, script: 30000}, unhandledPromptBehavior: dismiss and notify, webauthn:extension:credBlob: true, webauthn:extension:largeBlob: true, webauthn:virtualAuthenticators: true}\nSession ID: 18427d47545796f4ab026ca9ace10256\r\n\tat jdk.internal.reflect.GeneratedConstructorAccessor16.newInstance(Unknown Source)\r\n\tat java.base/jdk.internal.reflect.DelegatingConstructorAccessorImpl.newInstance(DelegatingConstructorAccessorImpl.java:45)\r\n\tat java.base/java.lang.reflect.Constructor.newInstanceWithCaller(Constructor.java:499)\r\n\tat java.base/java.lang.reflect.Constructor.newInstance(Constructor.java:480)\r\n\tat org.openqa.selenium.remote.codec.w3c.W3CHttpResponseCodec.createException(W3CHttpResponseCodec.java:200)\r\n\tat org.openqa.selenium.remote.codec.w3c.W3CHttpResponseCodec.decode(W3CHttpResponseCodec.java:133)\r\n\tat org.openqa.selenium.remote.codec.w3c.W3CHttpResponseCodec.decode(W3CHttpResponseCodec.java:53)\r\n\tat org.openqa.selenium.remote.HttpCommandExecutor.execute(HttpCommandExecutor.java:184)\r\n\tat org.openqa.selenium.remote.service.DriverCommandExecutor.invokeExecute(DriverCommandExecutor.java:164)\r\n\tat org.openqa.selenium.remote.service.DriverCommandExecutor.execute(DriverCommandExecutor.java:139)\r\n\tat org.openqa.selenium.remote.RemoteWebDriver.execute(RemoteWebDriver.java:559)\r\n\tat org.openqa.selenium.remote.ElementLocation$ElementFinder$2.findElement(ElementLocation.java:162)\r\n\tat org.openqa.selenium.remote.ElementLocation.findElement(ElementLocation.java:60)\r\n\tat org.openqa.selenium.remote.RemoteWebDriver.findElement(RemoteWebDriver.java:383)\r\n\tat org.openqa.selenium.remote.RemoteWebDriver.findElement(RemoteWebDriver.java:375)\r\n\tat org.openqa.selenium.support.pagefactory.DefaultElementLocator.findElement(DefaultElementLocator.java:70)\r\n\tat org.openqa.selenium.support.pagefactory.internal.LocatingElementHandler.invoke(LocatingElementHandler.java:39)\r\n\tat jdk.proxy2/jdk.proxy2.$Proxy23.toString(Unknown Source)\r\n\tat java.base/java.lang.String.valueOf(String.java:4215)\r\n\tat java.base/java.lang.StringBuilder.append(StringBuilder.java:169)\r\n\tat org.openqa.selenium.support.ui.ExpectedConditions$23.toString(ExpectedConditions.java:673)\r\n\tat java.base/java.lang.String.valueOf(String.java:4215)\r\n\tat java.base/java.lang.StringBuilder.append(StringBuilder.java:169)\r\n\tat org.openqa.selenium.support.ui.FluentWait.until(FluentWait.java:229)\r\n\tat com.EDRS.utils.CommonMethods.waitForClickability(CommonMethods.java:214)\r\n\tat com.EDRS.utils.CommonMethods.click(CommonMethods.java:222)\r\n\tat com.EDRS.steps.UpdateProfileSteps.user_clicks_on_update_profile(UpdateProfileSteps.java:27)\r\n\tat ✽.user clicks on Update Profile(file:///C:/Users/ishonki/eclipse-workspace/EDRS-VERI/src/test/resources/features/UpdateProfile.feature:15)\r\n","duration":30077799000,"status":"failed"},"line":15,"name":"user clicks on Update Profile","match":{"location":"com.EDRS.steps.UpdateProfileSteps.user_clicks_on_update_profile()"},"keyword":"When "},{"result":{"status":"skipped"},"line":16,"name":"user updates \"Yunus\",\"<MiddleName\",\"Emre\",\"QA Lead\",\"Washington DC\" and \"123 Lead Street\"","match":{"arguments":[{"val":"\"Yunus\"","offset":13},{"val":"\"<MiddleName\"","offset":21},{"val":"\"Emre\"","offset":35},{"val":"\"QA Lead\"","offset":42},{"val":"\"Washington DC\"","offset":52},{"val":"\"123 Lead Street\"","offset":72}],"location":"com.EDRS.steps.UpdateProfileSteps.user_updates_and(java.lang.String,java.lang.String,java.lang.String,java.lang.String,java.lang.String,java.lang.String)"},"keyword":"And "},{"result":{"status":"skipped"},"line":17,"name":"user validates updates","match":{"location":"com.EDRS.steps.UpdateProfileSteps.user_validates_updates(java.lang.String)"},"keyword":"Then "}],"tags":[{"name":"@ToBePresent"}]},{"start_timestamp":"2022-01-13T16:57:14.649Z","before":[{"result":{"duration":2103576200,"status":"passed"},"match":{"location":"com.EDRS.steps.Hooks.start()"}}],"line":26,"name":"Updating multiple times","description":"","id":"update-profile;updating-multiple-times;;7","after":[{"result":{"error_message":"org.openqa.selenium.NoSuchWindowException: no such window: target window already closed\nfrom unknown error: web view not found\n  (Session info: chrome=97.0.4692.71)\nBuild info: version: '4.1.0', revision: '87802e897b'\nSystem info: host: '528K6G3', ip: '192.168.0.171', os.name: 'Windows 10', os.arch: 'amd64', os.version: '10.0', java.version: '17.0.1'\nDriver info: org.openqa.selenium.chrome.ChromeDriver\nCommand: [94c6dd9f71be013d762103592bdf94e4, screenshot {}]\nCapabilities {acceptInsecureCerts: false, browserName: chrome, browserVersion: 97.0.4692.71, chrome: {chromedriverVersion: 96.0.4664.45 (76e4c1bb2ab46..., userDataDir: C:\\Users\\ishonki\\AppData\\Lo...}, goog:chromeOptions: {debuggerAddress: localhost:52869}, javascriptEnabled: true, networkConnectionEnabled: false, pageLoadStrategy: normal, platform: WINDOWS, platformName: WINDOWS, proxy: Proxy(), se:cdp: ws://localhost:52869/devtoo..., se:cdpVersion: 97.0.4692.71, setWindowRect: true, strictFileInteractability: false, timeouts: {implicit: 0, pageLoad: 300000, script: 30000}, unhandledPromptBehavior: dismiss and notify, webauthn:extension:credBlob: true, webauthn:extension:largeBlob: true, webauthn:virtualAuthenticators: true}\nSession ID: 94c6dd9f71be013d762103592bdf94e4\r\n\tat jdk.internal.reflect.GeneratedConstructorAccessor16.newInstance(Unknown Source)\r\n\tat java.base/jdk.internal.reflect.DelegatingConstructorAccessorImpl.newInstance(DelegatingConstructorAccessorImpl.java:45)\r\n\tat java.base/java.lang.reflect.Constructor.newInstanceWithCaller(Constructor.java:499)\r\n\tat java.base/java.lang.reflect.Constructor.newInstance(Constructor.java:480)\r\n\tat org.openqa.selenium.remote.codec.w3c.W3CHttpResponseCodec.createException(W3CHttpResponseCodec.java:200)\r\n\tat org.openqa.selenium.remote.codec.w3c.W3CHttpResponseCodec.decode(W3CHttpResponseCodec.java:133)\r\n\tat org.openqa.selenium.remote.codec.w3c.W3CHttpResponseCodec.decode(W3CHttpResponseCodec.java:53)\r\n\tat org.openqa.selenium.remote.HttpCommandExecutor.execute(HttpCommandExecutor.java:184)\r\n\tat org.openqa.selenium.remote.service.DriverCommandExecutor.invokeExecute(DriverCommandExecutor.java:164)\r\n\tat org.openqa.selenium.remote.service.DriverCommandExecutor.execute(DriverCommandExecutor.java:139)\r\n\tat org.openqa.selenium.remote.RemoteWebDriver.execute(RemoteWebDriver.java:559)\r\n\tat org.openqa.selenium.remote.RemoteWebDriver.execute(RemoteWebDriver.java:614)\r\n\tat org.openqa.selenium.remote.RemoteWebDriver.execute(RemoteWebDriver.java:618)\r\n\tat org.openqa.selenium.remote.RemoteWebDriver.getScreenshotAs(RemoteWebDriver.java:349)\r\n\tat com.EDRS.utils.CommonMethods.takeScreenshot(CommonMethods.java:264)\r\n\tat com.EDRS.steps.Hooks.end(Hooks.java:20)\r\n","duration":2154100,"status":"failed"},"match":{"location":"com.EDRS.steps.Hooks.end(io.cucumber.java.Scenario)"}}],"type":"scenario","keyword":"Scenario Outline","steps":[{"result":{"duration":812815300,"status":"passed"},"line":14,"name":"user is logged as Admin Ashbrook","match":{"location":"com.EDRS.steps.UpdateProfileSteps.user_is_logged_as_admin_ashbrook()"},"keyword":"Given "},{"result":{"error_message":"org.openqa.selenium.NoSuchWindowException: no such window: target window already closed\nfrom unknown error: web view not found\n  (Session info: chrome=97.0.4692.71)\nBuild info: version: '4.1.0', revision: '87802e897b'\nSystem info: host: '528K6G3', ip: '192.168.0.171', os.name: 'Windows 10', os.arch: 'amd64', os.version: '10.0', java.version: '17.0.1'\nDriver info: org.openqa.selenium.chrome.ChromeDriver\nCommand: [94c6dd9f71be013d762103592bdf94e4, findElement {using=xpath, value=//*[@id=\"pageNav\"]/div[5]/a}]\nCapabilities {acceptInsecureCerts: false, browserName: chrome, browserVersion: 97.0.4692.71, chrome: {chromedriverVersion: 96.0.4664.45 (76e4c1bb2ab46..., userDataDir: C:\\Users\\ishonki\\AppData\\Lo...}, goog:chromeOptions: {debuggerAddress: localhost:52869}, javascriptEnabled: true, networkConnectionEnabled: false, pageLoadStrategy: normal, platform: WINDOWS, platformName: WINDOWS, proxy: Proxy(), se:cdp: ws://localhost:52869/devtoo..., se:cdpVersion: 97.0.4692.71, setWindowRect: true, strictFileInteractability: false, timeouts: {implicit: 0, pageLoad: 300000, script: 30000}, unhandledPromptBehavior: dismiss and notify, webauthn:extension:credBlob: true, webauthn:extension:largeBlob: true, webauthn:virtualAuthenticators: true}\nSession ID: 94c6dd9f71be013d762103592bdf94e4\r\n\tat jdk.internal.reflect.GeneratedConstructorAccessor16.newInstance(Unknown Source)\r\n\tat java.base/jdk.internal.reflect.DelegatingConstructorAccessorImpl.newInstance(DelegatingConstructorAccessorImpl.java:45)\r\n\tat java.base/java.lang.reflect.Constructor.newInstanceWithCaller(Constructor.java:499)\r\n\tat java.base/java.lang.reflect.Constructor.newInstance(Constructor.java:480)\r\n\tat org.openqa.selenium.remote.codec.w3c.W3CHttpResponseCodec.createException(W3CHttpResponseCodec.java:200)\r\n\tat org.openqa.selenium.remote.codec.w3c.W3CHttpResponseCodec.decode(W3CHttpResponseCodec.java:133)\r\n\tat org.openqa.selenium.remote.codec.w3c.W3CHttpResponseCodec.decode(W3CHttpResponseCodec.java:53)\r\n\tat org.openqa.selenium.remote.HttpCommandExecutor.execute(HttpCommandExecutor.java:184)\r\n\tat org.openqa.selenium.remote.service.DriverCommandExecutor.invokeExecute(DriverCommandExecutor.java:164)\r\n\tat org.openqa.selenium.remote.service.DriverCommandExecutor.execute(DriverCommandExecutor.java:139)\r\n\tat org.openqa.selenium.remote.RemoteWebDriver.execute(RemoteWebDriver.java:559)\r\n\tat org.openqa.selenium.remote.ElementLocation$ElementFinder$2.findElement(ElementLocation.java:162)\r\n\tat org.openqa.selenium.remote.ElementLocation.findElement(ElementLocation.java:60)\r\n\tat org.openqa.selenium.remote.RemoteWebDriver.findElement(RemoteWebDriver.java:383)\r\n\tat org.openqa.selenium.remote.RemoteWebDriver.findElement(RemoteWebDriver.java:375)\r\n\tat org.openqa.selenium.support.pagefactory.DefaultElementLocator.findElement(DefaultElementLocator.java:70)\r\n\tat org.openqa.selenium.support.pagefactory.internal.LocatingElementHandler.invoke(LocatingElementHandler.java:39)\r\n\tat jdk.proxy2/jdk.proxy2.$Proxy23.toString(Unknown Source)\r\n\tat java.base/java.lang.String.valueOf(String.java:4215)\r\n\tat java.base/java.lang.StringBuilder.append(StringBuilder.java:169)\r\n\tat org.openqa.selenium.support.ui.ExpectedConditions$23.toString(ExpectedConditions.java:673)\r\n\tat java.base/java.lang.String.valueOf(String.java:4215)\r\n\tat java.base/java.lang.StringBuilder.append(StringBuilder.java:169)\r\n\tat org.openqa.selenium.support.ui.FluentWait.until(FluentWait.java:229)\r\n\tat com.EDRS.utils.CommonMethods.waitForClickability(CommonMethods.java:214)\r\n\tat com.EDRS.utils.CommonMethods.click(CommonMethods.java:222)\r\n\tat com.EDRS.steps.UpdateProfileSteps.user_clicks_on_update_profile(UpdateProfileSteps.java:27)\r\n\tat ✽.user clicks on Update Profile(file:///C:/Users/ishonki/eclipse-workspace/EDRS-VERI/src/test/resources/features/UpdateProfile.feature:15)\r\n","duration":30431154700,"status":"failed"},"line":15,"name":"user clicks on Update Profile","match":{"location":"com.EDRS.steps.UpdateProfileSteps.user_clicks_on_update_profile()"},"keyword":"When "},{"result":{"status":"skipped"},"line":16,"name":"user updates \"Faisal\",\"<MiddleName\",\"Sakhi\",\"Uber Driver\",\"Kansas\" and \"123 Uber Street\"","match":{"arguments":[{"val":"\"Faisal\"","offset":13},{"val":"\"<MiddleName\"","offset":22},{"val":"\"Sakhi\"","offset":36},{"val":"\"Uber Driver\"","offset":44},{"val":"\"Kansas\"","offset":58},{"val":"\"123 Uber Street\"","offset":71}],"location":"com.EDRS.steps.UpdateProfileSteps.user_updates_and(java.lang.String,java.lang.String,java.lang.String,java.lang.String,java.lang.String,java.lang.String)"},"keyword":"And "},{"result":{"status":"skipped"},"line":17,"name":"user validates updates","match":{"location":"com.EDRS.steps.UpdateProfileSteps.user_validates_updates(java.lang.String)"},"keyword":"Then "}],"tags":[{"name":"@ToBePresent"}]}],"name":"Update Profile","description":"","id":"update-profile","keyword":"Feature","uri":"file:src/test/resources/features/UpdateProfile.feature","tags":[]}]